This file contains any messages produced by compilers while
running configure, to aid debugging if configure makes a mistake.

It was created by FileZilla configure 3.25.1, which was
generated by GNU Autoconf 2.69.  Invocation command line was

  $ ./configure 

## --------- ##
## Platform. ##
## --------- ##

hostname = frogman
uname -m = x86_64
uname -r = 4.4.0-66-generic
uname -s = Linux
uname -v = #87~14.04.1-Ubuntu SMP Fri Mar 3 17:32:36 UTC 2017

/usr/bin/uname -p = unknown
/bin/uname -X     = unknown

/bin/arch              = unknown
/usr/bin/arch -k       = unknown
/usr/convex/getsysinfo = unknown
/usr/bin/hostinfo      = unknown
/bin/machine           = unknown
/usr/bin/oslevel       = unknown
/bin/universe          = unknown

PATH: /usr/local/sbin
PATH: /usr/local/bin
PATH: /usr/sbin
PATH: /usr/bin
PATH: /sbin
PATH: /bin
PATH: /snap/bin


## ----------- ##
## Core tests. ##
## ----------- ##

configure:2741: checking for a BSD-compatible install
configure:2809: result: /usr/bin/install -c
configure:2820: checking whether build environment is sane
configure:2875: result: yes
configure:3026: checking for a thread-safe mkdir -p
configure:3065: result: /bin/mkdir -p
configure:3072: checking for gawk
configure:3102: result: no
configure:3072: checking for mawk
configure:3088: found /usr/bin/mawk
configure:3099: result: mawk
configure:3110: checking whether make sets $(MAKE)
configure:3132: result: yes
configure:3161: checking whether make supports nested variables
configure:3178: result: yes
configure:3309: checking build system type
configure:3323: result: x86_64-unknown-linux-gnu
configure:3343: checking host system type
configure:3356: result: x86_64-unknown-linux-gnu
configure:3435: checking for g++
configure:3451: found /usr/bin/g++
configure:3462: result: g++
configure:3489: checking for C++ compiler version
configure:3498: g++ --version >&5
g++ (Ubuntu 4.9.4-2ubuntu1~14.04.1) 4.9.4
Copyright (C) 2015 Free Software Foundation, Inc.
This is free software; see the source for copying conditions.  There is NO
warranty; not even for MERCHANTABILITY or FITNESS FOR A PARTICULAR PURPOSE.

configure:3509: $? = 0
configure:3498: g++ -v >&5
Using built-in specs.
COLLECT_GCC=g++
COLLECT_LTO_WRAPPER=/usr/lib/gcc/x86_64-linux-gnu/4.9/lto-wrapper
Target: x86_64-linux-gnu
Configured with: ../src/configure -v --with-pkgversion='Ubuntu 4.9.4-2ubuntu1~14.04.1' --with-bugurl=file:///usr/share/doc/gcc-4.9/README.Bugs --enable-languages=c,c++,java,go,d,fortran,objc,obj-c++ --prefix=/usr --program-suffix=-4.9 --enable-shared --enable-linker-build-id --libexecdir=/usr/lib --without-included-gettext --enable-threads=posix --with-gxx-include-dir=/usr/include/c++/4.9 --libdir=/usr/lib --enable-nls --with-sysroot=/ --enable-clocale=gnu --enable-libstdcxx-debug --enable-libstdcxx-time=yes --enable-gnu-unique-object --disable-vtable-verify --enable-plugin --with-system-zlib --disable-browser-plugin --enable-java-awt=gtk --enable-gtk-cairo --with-java-home=/usr/lib/jvm/java-1.5.0-gcj-4.9-amd64/jre --enable-java-home --with-jvm-root-dir=/usr/lib/jvm/java-1.5.0-gcj-4.9-amd64 --with-jvm-jar-dir=/usr/lib/jvm-exports/java-1.5.0-gcj-4.9-amd64 --with-arch-directory=amd64 --with-ecj-jar=/usr/share/java/eclipse-ecj.jar --enable-objc-gc --enable-multiarch --disable-werror --with-arch-32=i686 --with-abi=m64 --with-multilib-list=m32,m64,mx32 --enable-multilib --with-tune=generic --enable-checking=release --build=x86_64-linux-gnu --host=x86_64-linux-gnu --target=x86_64-linux-gnu
Thread model: posix
gcc version 4.9.4 (Ubuntu 4.9.4-2ubuntu1~14.04.1) 
configure:3509: $? = 0
configure:3498: g++ -V >&5
g++: error: unrecognized command line option '-V'
g++: fatal error: no input files
compilation terminated.
configure:3509: $? = 4
configure:3498: g++ -qversion >&5
g++: error: unrecognized command line option '-qversion'
g++: fatal error: no input files
compilation terminated.
configure:3509: $? = 4
configure:3529: checking whether the C++ compiler works
configure:3551: g++    conftest.cpp  >&5
configure:3555: $? = 0
configure:3603: result: yes
configure:3606: checking for C++ compiler default output file name
configure:3608: result: a.out
configure:3614: checking for suffix of executables
configure:3621: g++ -o conftest    conftest.cpp  >&5
configure:3625: $? = 0
configure:3647: result: 
configure:3669: checking whether we are cross compiling
configure:3677: g++ -o conftest    conftest.cpp  >&5
configure:3681: $? = 0
configure:3688: ./conftest
configure:3692: $? = 0
configure:3707: result: no
configure:3712: checking for suffix of object files
configure:3734: g++ -c   conftest.cpp >&5
configure:3738: $? = 0
configure:3759: result: o
configure:3763: checking whether we are using the GNU C++ compiler
configure:3782: g++ -c   conftest.cpp >&5
configure:3782: $? = 0
configure:3791: result: yes
configure:3800: checking whether g++ accepts -g
configure:3820: g++ -c -g  conftest.cpp >&5
configure:3820: $? = 0
configure:3861: result: yes
configure:3895: checking for style of include used by make
configure:3923: result: GNU
configure:3949: checking dependency style of g++
configure:4060: result: gcc3
configure:4123: checking for gcc
configure:4139: found /usr/bin/gcc
configure:4150: result: gcc
configure:4379: checking for C compiler version
configure:4388: gcc --version >&5
gcc (Ubuntu 4.9.4-2ubuntu1~14.04.1) 4.9.4
Copyright (C) 2015 Free Software Foundation, Inc.
This is free software; see the source for copying conditions.  There is NO
warranty; not even for MERCHANTABILITY or FITNESS FOR A PARTICULAR PURPOSE.

configure:4399: $? = 0
configure:4388: gcc -v >&5
Using built-in specs.
COLLECT_GCC=gcc
COLLECT_LTO_WRAPPER=/usr/lib/gcc/x86_64-linux-gnu/4.9/lto-wrapper
Target: x86_64-linux-gnu
Configured with: ../src/configure -v --with-pkgversion='Ubuntu 4.9.4-2ubuntu1~14.04.1' --with-bugurl=file:///usr/share/doc/gcc-4.9/README.Bugs --enable-languages=c,c++,java,go,d,fortran,objc,obj-c++ --prefix=/usr --program-suffix=-4.9 --enable-shared --enable-linker-build-id --libexecdir=/usr/lib --without-included-gettext --enable-threads=posix --with-gxx-include-dir=/usr/include/c++/4.9 --libdir=/usr/lib --enable-nls --with-sysroot=/ --enable-clocale=gnu --enable-libstdcxx-debug --enable-libstdcxx-time=yes --enable-gnu-unique-object --disable-vtable-verify --enable-plugin --with-system-zlib --disable-browser-plugin --enable-java-awt=gtk --enable-gtk-cairo --with-java-home=/usr/lib/jvm/java-1.5.0-gcj-4.9-amd64/jre --enable-java-home --with-jvm-root-dir=/usr/lib/jvm/java-1.5.0-gcj-4.9-amd64 --with-jvm-jar-dir=/usr/lib/jvm-exports/java-1.5.0-gcj-4.9-amd64 --with-arch-directory=amd64 --with-ecj-jar=/usr/share/java/eclipse-ecj.jar --enable-objc-gc --enable-multiarch --disable-werror --with-arch-32=i686 --with-abi=m64 --with-multilib-list=m32,m64,mx32 --enable-multilib --with-tune=generic --enable-checking=release --build=x86_64-linux-gnu --host=x86_64-linux-gnu --target=x86_64-linux-gnu
Thread model: posix
gcc version 4.9.4 (Ubuntu 4.9.4-2ubuntu1~14.04.1) 
configure:4399: $? = 0
configure:4388: gcc -V >&5
gcc: error: unrecognized command line option '-V'
gcc: fatal error: no input files
compilation terminated.
configure:4399: $? = 4
configure:4388: gcc -qversion >&5
gcc: error: unrecognized command line option '-qversion'
gcc: fatal error: no input files
compilation terminated.
configure:4399: $? = 4
configure:4403: checking whether we are using the GNU C compiler
configure:4422: gcc -c   conftest.c >&5
configure:4422: $? = 0
configure:4431: result: yes
configure:4440: checking whether gcc accepts -g
configure:4460: gcc -c -g  conftest.c >&5
configure:4460: $? = 0
configure:4501: result: yes
configure:4518: checking for gcc option to accept ISO C89
configure:4581: gcc  -c -g -O2  conftest.c >&5
configure:4581: $? = 0
configure:4594: result: none needed
configure:4619: checking whether gcc understands -c and -o together
configure:4641: gcc -c conftest.c -o conftest2.o
configure:4644: $? = 0
configure:4641: gcc -c conftest.c -o conftest2.o
configure:4644: $? = 0
configure:4656: result: yes
configure:4675: checking dependency style of gcc
configure:4786: result: gcc3
configure:4850: checking how to print strings
configure:4877: result: printf
configure:4898: checking for a sed that does not truncate output
configure:4962: result: /bin/sed
configure:4980: checking for grep that handles long lines and -e
configure:5038: result: /bin/grep
configure:5043: checking for egrep
configure:5105: result: /bin/grep -E
configure:5110: checking for fgrep
configure:5172: result: /bin/grep -F
configure:5207: checking for ld used by gcc
configure:5274: result: /usr/bin/ld
configure:5281: checking if the linker (/usr/bin/ld) is GNU ld
configure:5296: result: yes
configure:5308: checking for BSD- or MS-compatible name lister (nm)
configure:5357: result: /usr/bin/nm -B
configure:5487: checking the name lister (/usr/bin/nm -B) interface
configure:5494: gcc -c -g -O2  conftest.c >&5
configure:5497: /usr/bin/nm -B "conftest.o"
configure:5500: output
0000000000000000 B some_variable
configure:5507: result: BSD nm
configure:5510: checking whether ln -s works
configure:5514: result: yes
configure:5522: checking the maximum length of command line arguments
configure:5653: result: 1572864
configure:5670: checking whether the shell understands some XSI constructs
configure:5680: result: yes
configure:5684: checking whether the shell understands "+="
configure:5690: result: yes
configure:5725: checking how to convert x86_64-unknown-linux-gnu file names to x86_64-unknown-linux-gnu format
configure:5765: result: func_convert_file_noop
configure:5772: checking how to convert x86_64-unknown-linux-gnu file names to toolchain format
configure:5792: result: func_convert_file_noop
configure:5799: checking for /usr/bin/ld option to reload object files
configure:5806: result: -r
configure:5880: checking for objdump
configure:5896: found /usr/bin/objdump
configure:5907: result: objdump
configure:5939: checking how to recognize dependent libraries
configure:6137: result: pass_all
configure:6222: checking for dlltool
configure:6252: result: no
configure:6282: checking how to associate runtime and link libraries
configure:6309: result: printf %s\n
configure:6370: checking for ar
configure:6386: found /usr/bin/ar
configure:6397: result: ar
configure:6434: checking for archiver @FILE support
configure:6451: gcc -c -g -O2  conftest.c >&5
configure:6451: $? = 0
configure:6454: ar cru libconftest.a @conftest.lst >&5
configure:6457: $? = 0
configure:6462: ar cru libconftest.a @conftest.lst >&5
ar: conftest.o: No such file or directory
configure:6465: $? = 1
configure:6477: result: @
configure:6535: checking for strip
configure:6551: found /usr/bin/strip
configure:6562: result: strip
configure:6634: checking for ranlib
configure:6650: found /usr/bin/ranlib
configure:6661: result: ranlib
configure:6763: checking command to parse /usr/bin/nm -B output from gcc object
configure:6883: gcc -c -g -O2  conftest.c >&5
configure:6886: $? = 0
configure:6890: /usr/bin/nm -B conftest.o \| sed -n -e 's/^.*[ ]\([ABCDGIRSTW][ABCDGIRSTW]*\)[ ][ ]*\([_A-Za-z][_A-Za-z0-9]*\)$/\1 \2 \2/p' | sed '/ __gnu_lto/d' \> conftest.nm
configure:6893: $? = 0
configure:6959: gcc -o conftest -g -O2   conftest.c conftstm.o >&5
configure:6962: $? = 0
configure:7000: result: ok
configure:7037: checking for sysroot
configure:7067: result: no
configure:7144: gcc -c -g -O2  conftest.c >&5
configure:7147: $? = 0
configure:7336: checking for mt
configure:7352: found /bin/mt
configure:7363: result: mt
configure:7386: checking if mt is a manifest tool
configure:7392: mt '-?'
configure:7400: result: no
configure:8042: checking how to run the C preprocessor
configure:8073: gcc -E  conftest.c
configure:8073: $? = 0
configure:8087: gcc -E  conftest.c
conftest.c:11:28: fatal error: ac_nonexistent.h: No such file or directory
 #include <ac_nonexistent.h>
                            ^
compilation terminated.
configure:8087: $? = 1
configure: failed program was:
| /* confdefs.h */
| #define PACKAGE_NAME "FileZilla"
| #define PACKAGE_TARNAME "filezilla"
| #define PACKAGE_VERSION "3.25.1"
| #define PACKAGE_STRING "FileZilla 3.25.1"
| #define PACKAGE_BUGREPORT "tim.kosse@filezilla-project.org"
| #define PACKAGE_URL "https://filezilla-project.org/"
| #define PACKAGE "filezilla"
| #define VERSION "3.25.1"
| /* end confdefs.h.  */
| #include <ac_nonexistent.h>
configure:8112: result: gcc -E
configure:8132: gcc -E  conftest.c
configure:8132: $? = 0
configure:8146: gcc -E  conftest.c
conftest.c:11:28: fatal error: ac_nonexistent.h: No such file or directory
 #include <ac_nonexistent.h>
                            ^
compilation terminated.
configure:8146: $? = 1
configure: failed program was:
| /* confdefs.h */
| #define PACKAGE_NAME "FileZilla"
| #define PACKAGE_TARNAME "filezilla"
| #define PACKAGE_VERSION "3.25.1"
| #define PACKAGE_STRING "FileZilla 3.25.1"
| #define PACKAGE_BUGREPORT "tim.kosse@filezilla-project.org"
| #define PACKAGE_URL "https://filezilla-project.org/"
| #define PACKAGE "filezilla"
| #define VERSION "3.25.1"
| /* end confdefs.h.  */
| #include <ac_nonexistent.h>
configure:8175: checking for ANSI C header files
configure:8195: gcc -c -g -O2  conftest.c >&5
configure:8195: $? = 0
configure:8268: gcc -o conftest -g -O2   conftest.c  >&5
configure:8268: $? = 0
configure:8268: ./conftest
configure:8268: $? = 0
configure:8279: result: yes
configure:8292: checking for sys/types.h
configure:8292: gcc -c -g -O2  conftest.c >&5
configure:8292: $? = 0
configure:8292: result: yes
configure:8292: checking for sys/stat.h
configure:8292: gcc -c -g -O2  conftest.c >&5
configure:8292: $? = 0
configure:8292: result: yes
configure:8292: checking for stdlib.h
configure:8292: gcc -c -g -O2  conftest.c >&5
configure:8292: $? = 0
configure:8292: result: yes
configure:8292: checking for string.h
configure:8292: gcc -c -g -O2  conftest.c >&5
configure:8292: $? = 0
configure:8292: result: yes
configure:8292: checking for memory.h
configure:8292: gcc -c -g -O2  conftest.c >&5
configure:8292: $? = 0
configure:8292: result: yes
configure:8292: checking for strings.h
configure:8292: gcc -c -g -O2  conftest.c >&5
configure:8292: $? = 0
configure:8292: result: yes
configure:8292: checking for inttypes.h
configure:8292: gcc -c -g -O2  conftest.c >&5
configure:8292: $? = 0
configure:8292: result: yes
configure:8292: checking for stdint.h
configure:8292: gcc -c -g -O2  conftest.c >&5
configure:8292: $? = 0
configure:8292: result: yes
configure:8292: checking for unistd.h
configure:8292: gcc -c -g -O2  conftest.c >&5
configure:8292: $? = 0
configure:8292: result: yes
configure:8306: checking for dlfcn.h
configure:8306: gcc -c -g -O2  conftest.c >&5
configure:8306: $? = 0
configure:8306: result: yes
configure:8523: checking for objdir
configure:8538: result: .libs
configure:8809: checking if gcc supports -fno-rtti -fno-exceptions
configure:8827: gcc -c -g -O2  -fno-rtti -fno-exceptions conftest.c >&5
cc1: warning: command line option '-fno-rtti' is valid for C++/ObjC++ but not for C
configure:8831: $? = 0
configure:8844: result: no
configure:9171: checking for gcc option to produce PIC
configure:9178: result: -fPIC -DPIC
configure:9186: checking if gcc PIC flag -fPIC -DPIC works
configure:9204: gcc -c -g -O2  -fPIC -DPIC -DPIC conftest.c >&5
configure:9208: $? = 0
configure:9221: result: yes
configure:9250: checking if gcc static flag -static works
configure:9278: result: yes
configure:9293: checking if gcc supports -c -o file.o
configure:9314: gcc -c -g -O2  -o out/conftest2.o conftest.c >&5
configure:9318: $? = 0
configure:9340: result: yes
configure:9348: checking if gcc supports -c -o file.o
configure:9395: result: yes
configure:9428: checking whether the gcc linker (/usr/bin/ld -m elf_x86_64) supports shared libraries
configure:10585: result: yes
configure:10622: checking whether -lc should be explicitly linked in
configure:10630: gcc -c -g -O2  conftest.c >&5
configure:10633: $? = 0
configure:10648: gcc -shared  -fPIC -DPIC conftest.o  -v -Wl,-soname -Wl,conftest -o conftest 2\>\&1 \| /bin/grep  -lc  \>/dev/null 2\>\&1
configure:10651: $? = 0
configure:10665: result: no
configure:10825: checking dynamic linker characteristics
configure:11325: gcc -o conftest -g -O2   -Wl,-rpath -Wl,/foo conftest.c  >&5
configure:11325: $? = 0
configure:11559: result: GNU/Linux ld.so
configure:11666: checking how to hardcode library paths into programs
configure:11691: result: immediate
configure:12231: checking whether stripping libraries is possible
configure:12236: result: yes
configure:12271: checking if libtool supports shared libraries
configure:12273: result: yes
configure:12276: checking whether to build shared libraries
configure:12297: result: yes
configure:12300: checking whether to build static libraries
configure:12304: result: yes
configure:12327: checking how to run the C++ preprocessor
configure:12354: g++ -E  conftest.cpp
configure:12354: $? = 0
configure:12368: g++ -E  conftest.cpp
conftest.cpp:23:28: fatal error: ac_nonexistent.h: No such file or directory
 #include <ac_nonexistent.h>
                            ^
compilation terminated.
configure:12368: $? = 1
configure: failed program was:
| /* confdefs.h */
| #define PACKAGE_NAME "FileZilla"
| #define PACKAGE_TARNAME "filezilla"
| #define PACKAGE_VERSION "3.25.1"
| #define PACKAGE_STRING "FileZilla 3.25.1"
| #define PACKAGE_BUGREPORT "tim.kosse@filezilla-project.org"
| #define PACKAGE_URL "https://filezilla-project.org/"
| #define PACKAGE "filezilla"
| #define VERSION "3.25.1"
| #define STDC_HEADERS 1
| #define HAVE_SYS_TYPES_H 1
| #define HAVE_SYS_STAT_H 1
| #define HAVE_STDLIB_H 1
| #define HAVE_STRING_H 1
| #define HAVE_MEMORY_H 1
| #define HAVE_STRINGS_H 1
| #define HAVE_INTTYPES_H 1
| #define HAVE_STDINT_H 1
| #define HAVE_UNISTD_H 1
| #define HAVE_DLFCN_H 1
| #define LT_OBJDIR ".libs/"
| /* end confdefs.h.  */
| #include <ac_nonexistent.h>
configure:12393: result: g++ -E
configure:12413: g++ -E  conftest.cpp
configure:12413: $? = 0
configure:12427: g++ -E  conftest.cpp
conftest.cpp:23:28: fatal error: ac_nonexistent.h: No such file or directory
 #include <ac_nonexistent.h>
                            ^
compilation terminated.
configure:12427: $? = 1
configure: failed program was:
| /* confdefs.h */
| #define PACKAGE_NAME "FileZilla"
| #define PACKAGE_TARNAME "filezilla"
| #define PACKAGE_VERSION "3.25.1"
| #define PACKAGE_STRING "FileZilla 3.25.1"
| #define PACKAGE_BUGREPORT "tim.kosse@filezilla-project.org"
| #define PACKAGE_URL "https://filezilla-project.org/"
| #define PACKAGE "filezilla"
| #define VERSION "3.25.1"
| #define STDC_HEADERS 1
| #define HAVE_SYS_TYPES_H 1
| #define HAVE_SYS_STAT_H 1
| #define HAVE_STDLIB_H 1
| #define HAVE_STRING_H 1
| #define HAVE_MEMORY_H 1
| #define HAVE_STRINGS_H 1
| #define HAVE_INTTYPES_H 1
| #define HAVE_STDINT_H 1
| #define HAVE_UNISTD_H 1
| #define HAVE_DLFCN_H 1
| #define LT_OBJDIR ".libs/"
| /* end confdefs.h.  */
| #include <ac_nonexistent.h>
configure:12596: checking for ld used by g++
configure:12663: result: /usr/bin/ld -m elf_x86_64
configure:12670: checking if the linker (/usr/bin/ld -m elf_x86_64) is GNU ld
configure:12685: result: yes
configure:12740: checking whether the g++ linker (/usr/bin/ld -m elf_x86_64) supports shared libraries
configure:13742: result: yes
configure:13778: g++ -c -g -O2  conftest.cpp >&5
configure:13781: $? = 0
configure:14301: checking for g++ option to produce PIC
configure:14308: result: -fPIC -DPIC
configure:14316: checking if g++ PIC flag -fPIC -DPIC works
configure:14334: g++ -c -g -O2  -fPIC -DPIC -DPIC conftest.cpp >&5
configure:14338: $? = 0
configure:14351: result: yes
configure:14374: checking if g++ static flag -static works
configure:14402: result: yes
configure:14414: checking if g++ supports -c -o file.o
configure:14435: g++ -c -g -O2  -o out/conftest2.o conftest.cpp >&5
configure:14439: $? = 0
configure:14461: result: yes
configure:14466: checking if g++ supports -c -o file.o
configure:14513: result: yes
configure:14543: checking whether the g++ linker (/usr/bin/ld -m elf_x86_64) supports shared libraries
configure:14582: result: yes
configure:14723: checking dynamic linker characteristics
configure:15391: result: GNU/Linux ld.so
configure:15444: checking how to hardcode library paths into programs
configure:15469: result: immediate
configure:15536: checking dependency style of 
configure:15645: result: none
configure:15792: : CFLAGS="$CFLAGS"
configure:15795: $? = 0
configure:15816: : CFLAGS already contains -g
configure:15819: $? = 0
configure:15856: : CXXFLAGS="$CXXFLAGS"
configure:15859: $? = 0
configure:15880: : CXXFLAGS already contains -g
configure:15883: $? = 0
configure:15910: checking whether C compiler accepts -Werror=partial-availability
configure:15929: gcc -c -g -O2 -Wall  -Werror=partial-availability  conftest.c >&5
cc1: error: -Werror=partial-availability: no option -Wpartial-availability
configure:15929: $? = 1
configure: failed program was:
| /* confdefs.h */
| #define PACKAGE_NAME "FileZilla"
| #define PACKAGE_TARNAME "filezilla"
| #define PACKAGE_VERSION "3.25.1"
| #define PACKAGE_STRING "FileZilla 3.25.1"
| #define PACKAGE_BUGREPORT "tim.kosse@filezilla-project.org"
| #define PACKAGE_URL "https://filezilla-project.org/"
| #define PACKAGE "filezilla"
| #define VERSION "3.25.1"
| #define STDC_HEADERS 1
| #define HAVE_SYS_TYPES_H 1
| #define HAVE_SYS_STAT_H 1
| #define HAVE_STDLIB_H 1
| #define HAVE_STRING_H 1
| #define HAVE_MEMORY_H 1
| #define HAVE_STRINGS_H 1
| #define HAVE_INTTYPES_H 1
| #define HAVE_STDINT_H 1
| #define HAVE_UNISTD_H 1
| #define HAVE_DLFCN_H 1
| #define LT_OBJDIR ".libs/"
| /* end confdefs.h.  */
| 
| int
| main ()
| {
| 
|   ;
|   return 0;
| }
configure:15937: result: no
configure:16012: checking whether the linker accepts -Wl,-no_weak_imports
configure:16031: gcc -o conftest -g -O2 -Wall    -Wl,-no_weak_imports conftest.c  >&5
/usr/bin/ld: cannot find -lgcc_s
/usr/bin/ld: cannot find -lgcc_s
collect2: error: ld returned 1 exit status
configure:16031: $? = 1
configure: failed program was:
| /* confdefs.h */
| #define PACKAGE_NAME "FileZilla"
| #define PACKAGE_TARNAME "filezilla"
| #define PACKAGE_VERSION "3.25.1"
| #define PACKAGE_STRING "FileZilla 3.25.1"
| #define PACKAGE_BUGREPORT "tim.kosse@filezilla-project.org"
| #define PACKAGE_URL "https://filezilla-project.org/"
| #define PACKAGE "filezilla"
| #define VERSION "3.25.1"
| #define STDC_HEADERS 1
| #define HAVE_SYS_TYPES_H 1
| #define HAVE_SYS_STAT_H 1
| #define HAVE_STDLIB_H 1
| #define HAVE_STRING_H 1
| #define HAVE_MEMORY_H 1
| #define HAVE_STRINGS_H 1
| #define HAVE_INTTYPES_H 1
| #define HAVE_STDINT_H 1
| #define HAVE_UNISTD_H 1
| #define HAVE_DLFCN_H 1
| #define LT_OBJDIR ".libs/"
| /* end confdefs.h.  */
| 
| int
| main ()
| {
| 
|   ;
|   return 0;
| }
configure:16040: result: no
configure:16093: checking whether g++ supports C++14 features by default
configure:16165: g++ -c -g -O2 -Wall  conftest.cpp >&5
In file included from /usr/include/c++/4.9/unordered_map:35:0,
                 from conftest.cpp:33:
/usr/include/c++/4.9/bits/c++0x_warning.h:32:2: error: #error This file requires compiler and library support for the ISO C++ 2011 standard. This support is currently experimental, and must be enabled with the -std=c++11 or -std=gnu++11 compiler options.
 #error This file requires compiler and library support for the \
  ^
conftest.cpp:42:7: warning: identifier 'static_assert' is a keyword in C++11 [-Wc++0x-compat]
       static_assert(sizeof(int) <= sizeof(T), "not big enough");
       ^
conftest.cpp:55:5: warning: identifier 'decltype' is a keyword in C++11 [-Wc++0x-compat]
     decltype(a) b;
     ^
conftest.cpp: In function 'bool make_unique_test()':
conftest.cpp:27:5: warning: 'auto' changes meaning in C++11; please remove it [-Wc++0x-compat]
     auto p = std::make_unique<int>(14);
     ^
conftest.cpp:27:10: error: 'p' does not name a type
     auto p = std::make_unique<int>(14);
          ^
conftest.cpp:28:30: error: 'p' was not declared in this scope
     return static_cast<bool>(p);
                              ^
conftest.cpp: At global scope:
conftest.cpp:36:10: error: 'unordered_map' in namespace 'std' does not name a template type
     std::unordered_map<int, T> map;
          ^
conftest.cpp:42:21: error: expected identifier before 'sizeof'
       static_assert(sizeof(int) <= sizeof(T), "not big enough");
                     ^
conftest.cpp:42:21: error: expected ',' or '...' before 'sizeof'
conftest.cpp:42:63: error: ISO C++ forbids declaration of 'static_assert' with no type [-fpermissive]
       static_assert(sizeof(int) <= sizeof(T), "not big enough");
                                                               ^
conftest.cpp:49:20: warning: override controls (override/final) only available with -std=c++11 or -std=gnu++11
     virtual void f() override {}
                    ^
conftest.cpp:52:29: error: '>>' should be '> >' within a nested template argument list
     typedef check<check<bool>> right_angle_brackets;
                             ^
conftest.cpp:55:13: error: expected constructor, destructor, or type conversion before '(' token
     decltype(a) b;
             ^
conftest.cpp:59:15: error: expected unqualified-id before '&&' token
     check_type&& cr = static_cast<check_type&&>(c);
               ^
conftest.cpp:61:5: warning: 'auto' changes meaning in C++11; please remove it [-Wc++0x-compat]
     auto d = a;
     ^
conftest.cpp:61:10: error: 'd' does not name a type
     auto d = a;
          ^
conftest.cpp:62:5: warning: 'auto' changes meaning in C++11; please remove it [-Wc++0x-compat]
     auto l = [](){};
     ^
conftest.cpp:62:10: error: 'l' does not name a type
     auto l = [](){};
          ^
conftest.cpp: In constructor 'use_l::use_l()':
conftest.cpp:64:32: error: 'l' was not declared in this scope
     struct use_l { use_l() { l(); } };
                                ^
conftest.cpp: At global scope:
conftest.cpp:72:9: error: expected unqualified-id before 'using'
         using member = typename T::member_type;
         ^
conftest.cpp:78:19: error: variable or field 'func' declared void
         void func(member<T>*) {}
                   ^
conftest.cpp:78:19: error: 'member' was not declared in this scope
conftest.cpp:78:27: error: expected primary-expression before '>' token
         void func(member<T>*) {}
                           ^
conftest.cpp:78:29: error: expected primary-expression before ')' token
         void func(member<T>*) {}
                             ^
conftest.cpp: In function 'bool make_unique_test()':
conftest.cpp:29:3: warning: control reaches end of non-void function [-Wreturn-type]
   }
   ^
configure:16165: $? = 1
configure: failed program was:
| /* confdefs.h */
| #define PACKAGE_NAME "FileZilla"
| #define PACKAGE_TARNAME "filezilla"
| #define PACKAGE_VERSION "3.25.1"
| #define PACKAGE_STRING "FileZilla 3.25.1"
| #define PACKAGE_BUGREPORT "tim.kosse@filezilla-project.org"
| #define PACKAGE_URL "https://filezilla-project.org/"
| #define PACKAGE "filezilla"
| #define VERSION "3.25.1"
| #define STDC_HEADERS 1
| #define HAVE_SYS_TYPES_H 1
| #define HAVE_SYS_STAT_H 1
| #define HAVE_STDLIB_H 1
| #define HAVE_STRING_H 1
| #define HAVE_MEMORY_H 1
| #define HAVE_STRINGS_H 1
| #define HAVE_INTTYPES_H 1
| #define HAVE_STDINT_H 1
| #define HAVE_UNISTD_H 1
| #define HAVE_DLFCN_H 1
| #define LT_OBJDIR ".libs/"
| /* end confdefs.h.  */
| 
|   #include <memory>
| 
|   bool make_unique_test() {
|     auto p = std::make_unique<int>(14);
|     return static_cast<bool>(p);
|   }
| 
|   // Also test some C++11 stuff just to be sure
| 
|   #include <unordered_map>
|   template <typename T>
|   struct umt {
|     std::unordered_map<int, T> map;
|   };
| 
|   template <typename T>
|     struct check
|     {
|       static_assert(sizeof(int) <= sizeof(T), "not big enough");
|     };
| 
|     struct Base {
|     virtual void f() {}
|     };
|     struct Child : public Base {
|     virtual void f() override {}
|     };
| 
|     typedef check<check<bool>> right_angle_brackets;
| 
|     int a;
|     decltype(a) b;
| 
|     typedef check<int> check_type;
|     check_type c;
|     check_type&& cr = static_cast<check_type&&>(c);
| 
|     auto d = a;
|     auto l = [](){};
|     // Prevent Clang error: unused variable 'l' [-Werror,-Wunused-variable]
|     struct use_l { use_l() { l(); } };
| 
|     // http://stackoverflow.com/questions/13728184/template-aliases-and-sfinae
|     // Clang 3.1 fails with headers of libstd++ 4.8.3 when using std::function because of this
|     namespace test_template_alias_sfinae {
|         struct foo {};
| 
|         template<typename T>
|         using member = typename T::member_type;
| 
|         template<typename T>
|         void func(...) {}
| 
|         template<typename T>
|         void func(member<T>*) {}
| 
|         void test();
| 
|         void test() {
|             func<foo>(0);
|         }
|     }
| 
configure:16172: result: no
configure:16181: checking whether g++ supports C++14 features with -std=gnu++14
configure:16255: g++ -c -g -O2 -Wall -std=gnu++14  conftest.cpp >&5
configure:16255: $? = 0
configure:16264: result: yes
configure:16403: checking for whether we need -stdlib=libc++
configure:16425: g++ -c -g -O2 -Wall -std=gnu++14  conftest.cpp >&5
configure:16425: $? = 0
configure:16427: result: no
configure:16490: checking whether std::map has emplace
configure:16511: g++ -c -g -O2 -Wall -std=gnu++14  conftest.cpp >&5
configure:16511: $? = 0
configure:16513: result: yes
configure:16543: checking whether std::chrono::steady_clock is steady
configure:16564: g++ -c -g -O2 -Wall -std=gnu++14  conftest.cpp >&5
configure:16564: $? = 0
configure:16566: result: yes
configure:16596: checking for thread_local
configure:16617: g++ -c -g -O2 -Wall -std=gnu++14  conftest.cpp >&5
configure:16617: $? = 0
configure:16619: result: yes
configure:16649: checking whether std::atomic can be used without link library
configure:16667: g++ -o conftest -g -O2 -Wall -std=gnu++14   conftest.cpp  >&5
configure:16667: $? = 0
configure:16669: result: yes
configure:16788: Running sub-configure for shell extension
configure:16882: checking for pkg-config
configure:16900: found /usr/bin/pkg-config
configure:16912: result: /usr/bin/pkg-config
configure:16937: checking pkg-config is at least version 0.9.0
configure:16940: result: yes
configure:16956: checking for LIBFILEZILLA
configure:16963: $PKG_CONFIG --exists --print-errors "libfilezilla >= 0.9.1"
Package libfilezilla was not found in the pkg-config search path.
Perhaps you should add the directory containing `libfilezilla.pc'
to the PKG_CONFIG_PATH environment variable
No package 'libfilezilla' found
configure:16966: $? = 1
configure:16980: $PKG_CONFIG --exists --print-errors "libfilezilla >= 0.9.1"
Package libfilezilla was not found in the pkg-config search path.
Perhaps you should add the directory containing `libfilezilla.pc'
to the PKG_CONFIG_PATH environment variable
No package 'libfilezilla' found
configure:16983: $? = 1
configure:16997: result: no
No package 'libfilezilla' found
configure:17014: error: libfilezilla not found: No package 'libfilezilla' found. You can download it from https://lib.filezilla-project.org/

## ---------------- ##
## Cache variables. ##
## ---------------- ##

_cv_cxx_compile_cxx14=no
_cv_cxx_compile_cxx14__std_gnupp14=yes
ac_cv_build=x86_64-unknown-linux-gnu
ac_cv_c_compiler_gnu=yes
ac_cv_cxx_compiler_gnu=yes
ac_cv_env_CCC_set=
ac_cv_env_CCC_value=
ac_cv_env_CC_set=
ac_cv_env_CC_value=
ac_cv_env_CFLAGS_set=
ac_cv_env_CFLAGS_value=
ac_cv_env_CPPFLAGS_set=
ac_cv_env_CPPFLAGS_value=
ac_cv_env_CPP_set=
ac_cv_env_CPP_value=
ac_cv_env_CXXCPP_set=
ac_cv_env_CXXCPP_value=
ac_cv_env_CXXFLAGS_set=
ac_cv_env_CXXFLAGS_value=
ac_cv_env_CXX_set=
ac_cv_env_CXX_value=
ac_cv_env_LDFLAGS_set=
ac_cv_env_LDFLAGS_value=
ac_cv_env_LIBDBUS_CFLAGS_set=
ac_cv_env_LIBDBUS_CFLAGS_value=
ac_cv_env_LIBDBUS_LIBS_set=
ac_cv_env_LIBDBUS_LIBS_value=
ac_cv_env_LIBFILEZILLA_CFLAGS_set=
ac_cv_env_LIBFILEZILLA_CFLAGS_value=
ac_cv_env_LIBFILEZILLA_LIBS_set=
ac_cv_env_LIBFILEZILLA_LIBS_value=
ac_cv_env_LIBGNUTLS_CFLAGS_set=
ac_cv_env_LIBGNUTLS_CFLAGS_value=
ac_cv_env_LIBGNUTLS_LIBS_set=
ac_cv_env_LIBGNUTLS_LIBS_value=
ac_cv_env_LIBGTK_CFLAGS_set=
ac_cv_env_LIBGTK_CFLAGS_value=
ac_cv_env_LIBGTK_LIBS_set=
ac_cv_env_LIBGTK_LIBS_value=
ac_cv_env_LIBSQLITE3_CFLAGS_set=
ac_cv_env_LIBSQLITE3_CFLAGS_value=
ac_cv_env_LIBSQLITE3_LIBS_set=
ac_cv_env_LIBSQLITE3_LIBS_value=
ac_cv_env_LIBS_set=
ac_cv_env_LIBS_value=
ac_cv_env_NETTLE_CFLAGS_set=
ac_cv_env_NETTLE_CFLAGS_value=
ac_cv_env_NETTLE_LIBS_set=
ac_cv_env_NETTLE_LIBS_value=
ac_cv_env_OBJCFLAGS_set=
ac_cv_env_OBJCFLAGS_value=
ac_cv_env_OBJC_set=
ac_cv_env_OBJC_value=
ac_cv_env_PKG_CONFIG_LIBDIR_set=
ac_cv_env_PKG_CONFIG_LIBDIR_value=
ac_cv_env_PKG_CONFIG_PATH_set=
ac_cv_env_PKG_CONFIG_PATH_value=
ac_cv_env_PKG_CONFIG_set=
ac_cv_env_PKG_CONFIG_value=
ac_cv_env_build_alias_set=
ac_cv_env_build_alias_value=
ac_cv_env_host_alias_set=
ac_cv_env_host_alias_value=
ac_cv_env_target_alias_set=
ac_cv_env_target_alias_value=
ac_cv_header_dlfcn_h=yes
ac_cv_header_inttypes_h=yes
ac_cv_header_memory_h=yes
ac_cv_header_stdc=yes
ac_cv_header_stdint_h=yes
ac_cv_header_stdlib_h=yes
ac_cv_header_string_h=yes
ac_cv_header_strings_h=yes
ac_cv_header_sys_stat_h=yes
ac_cv_header_sys_types_h=yes
ac_cv_header_unistd_h=yes
ac_cv_host=x86_64-unknown-linux-gnu
ac_cv_objext=o
ac_cv_path_EGREP='/bin/grep -E'
ac_cv_path_FGREP='/bin/grep -F'
ac_cv_path_GREP=/bin/grep
ac_cv_path_SED=/bin/sed
ac_cv_path_ac_pt_PKG_CONFIG=/usr/bin/pkg-config
ac_cv_path_install='/usr/bin/install -c'
ac_cv_path_mkdir=/bin/mkdir
ac_cv_prog_AWK=mawk
ac_cv_prog_CPP='gcc -E'
ac_cv_prog_CXXCPP='g++ -E'
ac_cv_prog_ac_ct_AR=ar
ac_cv_prog_ac_ct_CC=gcc
ac_cv_prog_ac_ct_CXX=g++
ac_cv_prog_ac_ct_MANIFEST_TOOL=mt
ac_cv_prog_ac_ct_OBJDUMP=objdump
ac_cv_prog_ac_ct_RANLIB=ranlib
ac_cv_prog_ac_ct_STRIP=strip
ac_cv_prog_cc_c89=
ac_cv_prog_cc_g=yes
ac_cv_prog_cxx_g=yes
ac_cv_prog_make_make_set=yes
am_cv_CC_dependencies_compiler_type=gcc3
am_cv_CXX_dependencies_compiler_type=gcc3
am_cv_OBJC_dependencies_compiler_type=none
am_cv_make_support_nested_variables=yes
am_cv_prog_cc_c_o=yes
ax_cv_check_cflags___Werror_partial_availability=no
ax_cv_check_ldflags___Wl__no_weak_imports=no
lt_cv_ar_at_file=@
lt_cv_archive_cmds_need_lc=no
lt_cv_deplibs_check_method=pass_all
lt_cv_file_magic_cmd='$MAGIC_CMD'
lt_cv_file_magic_test_file=
lt_cv_ld_reload_flag=-r
lt_cv_nm_interface='BSD nm'
lt_cv_objdir=.libs
lt_cv_path_LD=/usr/bin/ld
lt_cv_path_LDCXX='/usr/bin/ld -m elf_x86_64'
lt_cv_path_NM='/usr/bin/nm -B'
lt_cv_path_mainfest_tool=no
lt_cv_prog_compiler_c_o=yes
lt_cv_prog_compiler_c_o_CXX=yes
lt_cv_prog_compiler_pic='-fPIC -DPIC'
lt_cv_prog_compiler_pic_CXX='-fPIC -DPIC'
lt_cv_prog_compiler_pic_works=yes
lt_cv_prog_compiler_pic_works_CXX=yes
lt_cv_prog_compiler_rtti_exceptions=no
lt_cv_prog_compiler_static_works=yes
lt_cv_prog_compiler_static_works_CXX=yes
lt_cv_prog_gnu_ld=yes
lt_cv_prog_gnu_ldcxx=yes
lt_cv_sharedlib_from_linklib_cmd='printf %s\n'
lt_cv_shlibpath_overrides_runpath=no
lt_cv_sys_global_symbol_pipe='sed -n -e '\''s/^.*[	 ]\([ABCDGIRSTW][ABCDGIRSTW]*\)[	 ][	 ]*\([_A-Za-z][_A-Za-z0-9]*\)$/\1 \2 \2/p'\'' | sed '\''/ __gnu_lto/d'\'''
lt_cv_sys_global_symbol_to_c_name_address='sed -n -e '\''s/^: \([^ ]*\)[ ]*$/  {\"\1\", (void *) 0},/p'\'' -e '\''s/^[ABCDGIRSTW]* \([^ ]*\) \([^ ]*\)$/  {"\2", (void *) \&\2},/p'\'''
lt_cv_sys_global_symbol_to_c_name_address_lib_prefix='sed -n -e '\''s/^: \([^ ]*\)[ ]*$/  {\"\1\", (void *) 0},/p'\'' -e '\''s/^[ABCDGIRSTW]* \([^ ]*\) \(lib[^ ]*\)$/  {"\2", (void *) \&\2},/p'\'' -e '\''s/^[ABCDGIRSTW]* \([^ ]*\) \([^ ]*\)$/  {"lib\2", (void *) \&\2},/p'\'''
lt_cv_sys_global_symbol_to_cdecl='sed -n -e '\''s/^T .* \(.*\)$/extern int \1();/p'\'' -e '\''s/^[ABCDGIRSTW]* .* \(.*\)$/extern char \1;/p'\'''
lt_cv_sys_max_cmd_len=1572864
lt_cv_to_host_file_cmd=func_convert_file_noop
lt_cv_to_tool_file_cmd=func_convert_file_noop

## ----------------- ##
## Output variables. ##
## ----------------- ##

ACLOCAL='${SHELL} /home/jules/Downloads/filezilla/filezilla-3.25.1/config/missing aclocal-1.14'
AMDEPBACKSLASH='\'
AMDEP_FALSE='#'
AMDEP_TRUE=''
AMTAR='$${TAR-tar}'
AM_BACKSLASH='\'
AM_DEFAULT_V='$(AM_DEFAULT_VERBOSITY)'
AM_DEFAULT_VERBOSITY='1'
AM_V='$(V)'
AR='ar'
AUTOCONF='${SHELL} /home/jules/Downloads/filezilla/filezilla-3.25.1/config/missing autoconf'
AUTOHEADER='${SHELL} /home/jules/Downloads/filezilla/filezilla-3.25.1/config/missing autoheader'
AUTOMAKE='${SHELL} /home/jules/Downloads/filezilla/filezilla-3.25.1/config/missing automake-1.14'
AWK='mawk'
CC='gcc'
CCDEPMODE='depmode=gcc3'
CFLAGS='-g -O2 -Wall'
CPP='gcc -E'
CPPFLAGS=''
CPPUNIT_CFLAGS=''
CPPUNIT_CONFIG=''
CPPUNIT_LIBS=''
CXX='g++'
CXXCPP='g++ -E'
CXXDEPMODE='depmode=gcc3'
CXXFLAGS='-g -O2 -Wall -std=gnu++14'
CYGPATH_W='echo'
DEFS=''
DEPDIR='.deps'
DLLTOOL='false'
DSYMUTIL=''
DUMPBIN=''
ECHO_C=''
ECHO_N='-n'
ECHO_T=''
EGREP='/bin/grep -E'
ENABLE_PRECOMP_FALSE=''
ENABLE_PRECOMP_TRUE=''
EXEEXT=''
FGREP='/bin/grep -F'
FILEZILLA_LINGUAS=''
FILEZILLA_LINGUAS_MO=''
FILEZILLA_LINGUAS_PO=''
FILEZILLA_LINGUAS_PO_NEW=''
GREP='/bin/grep'
HAS_CPPUNIT_FALSE=''
HAS_CPPUNIT_TRUE=''
HAVE_CXX14=''
HAVE_DBUS_FALSE=''
HAVE_DBUS_TRUE=''
HAVE_LIBPUGIXML_FALSE=''
HAVE_LIBPUGIXML_TRUE=''
IDN_LIB=''
INSTALL_DATA='${INSTALL} -m 644'
INSTALL_PROGRAM='${INSTALL}'
INSTALL_SCRIPT='${INSTALL}'
INSTALL_STRIP_PROGRAM='$(install_sh) -c -s'
LD='/usr/bin/ld -m elf_x86_64'
LDFLAGS=''
LIBDBUS_CFLAGS=''
LIBDBUS_LIBS=''
LIBFILEZILLA_CFLAGS=''
LIBFILEZILLA_LIBS=''
LIBGNUTLS_CFLAGS=''
LIBGNUTLS_LIBS=''
LIBGTK_CFLAGS=''
LIBGTK_LIBS=''
LIBOBJS=''
LIBS=''
LIBSQLITE3_CFLAGS=''
LIBSQLITE3_LIBS=''
LIBTOOL='$(SHELL) $(top_builddir)/libtool'
LIPO=''
LN_S='ln -s'
LOCALES_FALSE=''
LOCALES_ONLY_FALSE=''
LOCALES_ONLY_TRUE=''
LOCALES_TRUE=''
LTLIBOBJS=''
MACAPPBUNDLE_FALSE=''
MACAPPBUNDLE_TRUE=''
MAKEINFO='${SHELL} /home/jules/Downloads/filezilla/filezilla-3.25.1/config/missing makeinfo'
MAKENSISSCRIPT_FALSE=''
MAKENSISSCRIPT_TRUE=''
MANIFEST_TOOL=':'
MINGW_FALSE=''
MINGW_TRUE=''
MKDIR_P='/bin/mkdir -p'
NETTLE_CFLAGS=''
NETTLE_LIBS=''
NM='/usr/bin/nm -B'
NMEDIT=''
NSIS_64BIT=''
OBJC=''
OBJCDEPMODE='depmode=none'
OBJCFLAGS=''
OBJDUMP='objdump'
OBJEXT='o'
OTOOL64=''
OTOOL=''
PACKAGE='filezilla'
PACKAGE_BUGREPORT='tim.kosse@filezilla-project.org'
PACKAGE_NAME='FileZilla'
PACKAGE_STRING='FileZilla 3.25.1'
PACKAGE_TARNAME='filezilla'
PACKAGE_URL='https://filezilla-project.org/'
PACKAGE_VERSION='3.25.1'
PACKAGE_VERSION_MAJOR=''
PACKAGE_VERSION_MICRO=''
PACKAGE_VERSION_MINOR=''
PACKAGE_VERSION_NANO=''
PATH_SEPARATOR=':'
PKG_CONFIG='/usr/bin/pkg-config'
PKG_CONFIG_LIBDIR=''
PKG_CONFIG_PATH=''
PUGIXML_LIBS=''
RANLIB='ranlib'
SED='/bin/sed'
SET_MAKE=''
SFTP_MINGW_FALSE=''
SFTP_MINGW_TRUE=''
SFTP_UNIX_FALSE=''
SFTP_UNIX_TRUE=''
SHELL='/bin/bash'
STRIP='strip'
USE_BINRELOC_FALSE=''
USE_BINRELOC_TRUE=''
USE_MAC_SANDBOX_FALSE=''
USE_MAC_SANDBOX_TRUE=''
USE_RESOURCEFILE_FALSE=''
USE_RESOURCEFILE_TRUE=''
VERSION='3.25.1'
WINDRES=''
WINDRESFLAGS=''
WXRC=''
WX_CFLAGS=''
WX_CFLAGS_ONLY=''
WX_CONFIG_PATH=''
WX_CONFIG_WITH_ARGS=''
WX_CPPFLAGS=''
WX_CXXFLAGS=''
WX_CXXFLAGS_ONLY=''
WX_LIBS=''
WX_LIBS_STATIC=''
WX_RESCOMP=''
WX_VERSION=''
WX_VERSION_MAJOR=''
WX_VERSION_MICRO=''
WX_VERSION_MINOR=''
ac_ct_AR='ar'
ac_ct_CC='gcc'
ac_ct_CXX='g++'
ac_ct_DUMPBIN=''
ac_ct_OBJC=''
am__EXEEXT_FALSE=''
am__EXEEXT_TRUE=''
am__fastdepCC_FALSE='#'
am__fastdepCC_TRUE=''
am__fastdepCXX_FALSE='#'
am__fastdepCXX_TRUE=''
am__fastdepOBJC_FALSE=''
am__fastdepOBJC_TRUE='#'
am__include='include'
am__isrc=''
am__leading_dot='.'
am__nodep='_no'
am__quote=''
am__tar='$${TAR-tar} chof - "$$tardir"'
am__untar='$${TAR-tar} xf -'
bindir='${exec_prefix}/bin'
build='x86_64-unknown-linux-gnu'
build_alias=''
build_cpu='x86_64'
build_os='linux-gnu'
build_vendor='unknown'
datadir='${datarootdir}'
datarootdir='${prefix}/share'
docdir='${datarootdir}/doc/${PACKAGE_TARNAME}'
dvidir='${docdir}'
exec_prefix='NONE'
host='x86_64-unknown-linux-gnu'
host_alias=''
host_cpu='x86_64'
host_os='linux-gnu'
host_vendor='unknown'
htmldir='${docdir}'
includedir='${prefix}/include'
infodir='${datarootdir}/info'
install_sh='${SHELL} /home/jules/Downloads/filezilla/filezilla-3.25.1/config/install-sh'
libdir='${exec_prefix}/lib'
libexecdir='${exec_prefix}/libexec'
localedir='${datarootdir}/locale'
localstatedir='${prefix}/var'
mandir='${datarootdir}/man'
mkdir_p='$(MKDIR_P)'
msgfmt=''
msgmerge=''
oldincludedir='/usr/include'
pdfdir='${docdir}'
prefix='NONE'
program_transform_name='s,x,x,'
psdir='${docdir}'
sbindir='${exec_prefix}/sbin'
sharedstatedir='${prefix}/com'
subdirs=''
sysconfdir='${prefix}/etc'
target_alias=''
xdgopen=''
xgettext=''

## ----------- ##
## confdefs.h. ##
## ----------- ##

/* confdefs.h */
#define PACKAGE_NAME "FileZilla"
#define PACKAGE_TARNAME "filezilla"
#define PACKAGE_VERSION "3.25.1"
#define PACKAGE_STRING "FileZilla 3.25.1"
#define PACKAGE_BUGREPORT "tim.kosse@filezilla-project.org"
#define PACKAGE_URL "https://filezilla-project.org/"
#define PACKAGE "filezilla"
#define VERSION "3.25.1"
#define STDC_HEADERS 1
#define HAVE_SYS_TYPES_H 1
#define HAVE_SYS_STAT_H 1
#define HAVE_STDLIB_H 1
#define HAVE_STRING_H 1
#define HAVE_MEMORY_H 1
#define HAVE_STRINGS_H 1
#define HAVE_INTTYPES_H 1
#define HAVE_STDINT_H 1
#define HAVE_UNISTD_H 1
#define HAVE_DLFCN_H 1
#define LT_OBJDIR ".libs/"
#define USED_HOST "x86_64-unknown-linux-gnu"
#define USED_BUILD "x86_64-unknown-linux-gnu"
#define USED_CXXFLAGS "-g -O2 -Wall -std=gnu++14"
#define USED_COMPILER "gcc (Ubuntu 4.9.4-2ubuntu1~14.04.1) 4.9.4"

configure: exit 1
