This file contains any messages produced by compilers while
running configure, to aid debugging if configure makes a mistake.

It was created by fzshellext configure 0.0.0, which was
generated by GNU Autoconf 2.69.  Invocation command line was

  $ /home/jules/Downloads/filezilla/filezilla-3.25.1/src/fzshellext/configure --disable-shellext

## --------- ##
## Platform. ##
## --------- ##

hostname = frogman
uname -m = x86_64
uname -r = 4.4.0-66-generic
uname -s = Linux
uname -v = #87~14.04.1-Ubuntu SMP Fri Mar 3 17:32:36 UTC 2017

/usr/bin/uname -p = unknown
/bin/uname -X     = unknown

/bin/arch              = unknown
/usr/bin/arch -k       = unknown
/usr/convex/getsysinfo = unknown
/usr/bin/hostinfo      = unknown
/bin/machine           = unknown
/usr/bin/oslevel       = unknown
/bin/universe          = unknown

PATH: /usr/local/sbin
PATH: /usr/local/bin
PATH: /usr/sbin
PATH: /usr/bin
PATH: /sbin
PATH: /bin
PATH: /snap/bin


## ----------- ##
## Core tests. ##
## ----------- ##

configure:2397: checking for a BSD-compatible install
configure:2465: result: /usr/bin/install -c
configure:2476: checking whether build environment is sane
configure:2531: result: yes
configure:2682: checking for a thread-safe mkdir -p
configure:2721: result: /bin/mkdir -p
configure:2728: checking for gawk
configure:2758: result: no
configure:2728: checking for mawk
configure:2744: found /usr/bin/mawk
configure:2755: result: mawk
configure:2766: checking whether make sets $(MAKE)
configure:2788: result: yes
configure:2817: checking whether make supports nested variables
configure:2834: result: yes
configure:2974: checking build system type
configure:2988: result: x86_64-unknown-linux-gnu
configure:3008: checking host system type
configure:3021: result: x86_64-unknown-linux-gnu
configure:3088: checking how to print strings
configure:3115: result: printf
configure:3148: checking for style of include used by make
configure:3176: result: GNU
configure:3247: checking for gcc
configure:3263: found /usr/bin/gcc
configure:3274: result: gcc
configure:3503: checking for C compiler version
configure:3512: gcc --version >&5
gcc (Ubuntu 4.9.4-2ubuntu1~14.04.1) 4.9.4
Copyright (C) 2015 Free Software Foundation, Inc.
This is free software; see the source for copying conditions.  There is NO
warranty; not even for MERCHANTABILITY or FITNESS FOR A PARTICULAR PURPOSE.

configure:3523: $? = 0
configure:3512: gcc -v >&5
Using built-in specs.
COLLECT_GCC=gcc
COLLECT_LTO_WRAPPER=/usr/lib/gcc/x86_64-linux-gnu/4.9/lto-wrapper
Target: x86_64-linux-gnu
Configured with: ../src/configure -v --with-pkgversion='Ubuntu 4.9.4-2ubuntu1~14.04.1' --with-bugurl=file:///usr/share/doc/gcc-4.9/README.Bugs --enable-languages=c,c++,java,go,d,fortran,objc,obj-c++ --prefix=/usr --program-suffix=-4.9 --enable-shared --enable-linker-build-id --libexecdir=/usr/lib --without-included-gettext --enable-threads=posix --with-gxx-include-dir=/usr/include/c++/4.9 --libdir=/usr/lib --enable-nls --with-sysroot=/ --enable-clocale=gnu --enable-libstdcxx-debug --enable-libstdcxx-time=yes --enable-gnu-unique-object --disable-vtable-verify --enable-plugin --with-system-zlib --disable-browser-plugin --enable-java-awt=gtk --enable-gtk-cairo --with-java-home=/usr/lib/jvm/java-1.5.0-gcj-4.9-amd64/jre --enable-java-home --with-jvm-root-dir=/usr/lib/jvm/java-1.5.0-gcj-4.9-amd64 --with-jvm-jar-dir=/usr/lib/jvm-exports/java-1.5.0-gcj-4.9-amd64 --with-arch-directory=amd64 --with-ecj-jar=/usr/share/java/eclipse-ecj.jar --enable-objc-gc --enable-multiarch --disable-werror --with-arch-32=i686 --with-abi=m64 --with-multilib-list=m32,m64,mx32 --enable-multilib --with-tune=generic --enable-checking=release --build=x86_64-linux-gnu --host=x86_64-linux-gnu --target=x86_64-linux-gnu
Thread model: posix
gcc version 4.9.4 (Ubuntu 4.9.4-2ubuntu1~14.04.1) 
configure:3523: $? = 0
configure:3512: gcc -V >&5
gcc: error: unrecognized command line option '-V'
gcc: fatal error: no input files
compilation terminated.
configure:3523: $? = 4
configure:3512: gcc -qversion >&5
gcc: error: unrecognized command line option '-qversion'
gcc: fatal error: no input files
compilation terminated.
configure:3523: $? = 4
configure:3543: checking whether the C compiler works
configure:3565: gcc    conftest.c  >&5
configure:3569: $? = 0
configure:3617: result: yes
configure:3620: checking for C compiler default output file name
configure:3622: result: a.out
configure:3628: checking for suffix of executables
configure:3635: gcc -o conftest    conftest.c  >&5
configure:3639: $? = 0
configure:3661: result: 
configure:3683: checking whether we are cross compiling
configure:3691: gcc -o conftest    conftest.c  >&5
configure:3695: $? = 0
configure:3702: ./conftest
configure:3706: $? = 0
configure:3721: result: no
configure:3726: checking for suffix of object files
configure:3748: gcc -c   conftest.c >&5
configure:3752: $? = 0
configure:3773: result: o
configure:3777: checking whether we are using the GNU C compiler
configure:3796: gcc -c   conftest.c >&5
configure:3796: $? = 0
configure:3805: result: yes
configure:3814: checking whether gcc accepts -g
configure:3834: gcc -c -g  conftest.c >&5
configure:3834: $? = 0
configure:3875: result: yes
configure:3892: checking for gcc option to accept ISO C89
configure:3955: gcc  -c -g -O2  conftest.c >&5
configure:3955: $? = 0
configure:3968: result: none needed
configure:3993: checking whether gcc understands -c and -o together
configure:4015: gcc -c conftest.c -o conftest2.o
configure:4018: $? = 0
configure:4015: gcc -c conftest.c -o conftest2.o
configure:4018: $? = 0
configure:4030: result: yes
configure:4049: checking dependency style of gcc
configure:4160: result: gcc3
configure:4175: checking for a sed that does not truncate output
configure:4239: result: /bin/sed
configure:4257: checking for grep that handles long lines and -e
configure:4315: result: /bin/grep
configure:4320: checking for egrep
configure:4382: result: /bin/grep -E
configure:4387: checking for fgrep
configure:4449: result: /bin/grep -F
configure:4484: checking for ld used by gcc
configure:4551: result: /usr/bin/ld
configure:4558: checking if the linker (/usr/bin/ld) is GNU ld
configure:4573: result: yes
configure:4585: checking for BSD- or MS-compatible name lister (nm)
configure:4634: result: /usr/bin/nm -B
configure:4764: checking the name lister (/usr/bin/nm -B) interface
configure:4771: gcc -c -g -O2  conftest.c >&5
configure:4774: /usr/bin/nm -B "conftest.o"
configure:4777: output
0000000000000000 B some_variable
configure:4784: result: BSD nm
configure:4787: checking whether ln -s works
configure:4791: result: yes
configure:4799: checking the maximum length of command line arguments
configure:4930: result: 1572864
configure:4947: checking whether the shell understands some XSI constructs
configure:4957: result: yes
configure:4961: checking whether the shell understands "+="
configure:4967: result: yes
configure:5002: checking how to convert x86_64-unknown-linux-gnu file names to x86_64-unknown-linux-gnu format
configure:5042: result: func_convert_file_noop
configure:5049: checking how to convert x86_64-unknown-linux-gnu file names to toolchain format
configure:5069: result: func_convert_file_noop
configure:5076: checking for /usr/bin/ld option to reload object files
configure:5083: result: -r
configure:5157: checking for objdump
configure:5173: found /usr/bin/objdump
configure:5184: result: objdump
configure:5216: checking how to recognize dependent libraries
configure:5414: result: pass_all
configure:5499: checking for dlltool
configure:5529: result: no
configure:5559: checking how to associate runtime and link libraries
configure:5586: result: printf %s\n
configure:5647: checking for ar
configure:5663: found /usr/bin/ar
configure:5674: result: ar
configure:5711: checking for archiver @FILE support
configure:5728: gcc -c -g -O2  conftest.c >&5
configure:5728: $? = 0
configure:5731: ar cru libconftest.a @conftest.lst >&5
configure:5734: $? = 0
configure:5739: ar cru libconftest.a @conftest.lst >&5
ar: conftest.o: No such file or directory
configure:5742: $? = 1
configure:5754: result: @
configure:5812: checking for strip
configure:5828: found /usr/bin/strip
configure:5839: result: strip
configure:5911: checking for ranlib
configure:5927: found /usr/bin/ranlib
configure:5938: result: ranlib
configure:6040: checking command to parse /usr/bin/nm -B output from gcc object
configure:6160: gcc -c -g -O2  conftest.c >&5
configure:6163: $? = 0
configure:6167: /usr/bin/nm -B conftest.o \| sed -n -e 's/^.*[ ]\([ABCDGIRSTW][ABCDGIRSTW]*\)[ ][ ]*\([_A-Za-z][_A-Za-z0-9]*\)$/\1 \2 \2/p' | sed '/ __gnu_lto/d' \> conftest.nm
configure:6170: $? = 0
configure:6236: gcc -o conftest -g -O2   conftest.c conftstm.o >&5
configure:6239: $? = 0
configure:6277: result: ok
configure:6314: checking for sysroot
configure:6344: result: no
configure:6421: gcc -c -g -O2  conftest.c >&5
configure:6424: $? = 0
configure:6613: checking for mt
configure:6629: found /bin/mt
configure:6640: result: mt
configure:6663: checking if mt is a manifest tool
configure:6669: mt '-?'
configure:6677: result: no
configure:7319: checking how to run the C preprocessor
configure:7350: gcc -E  conftest.c
configure:7350: $? = 0
configure:7364: gcc -E  conftest.c
conftest.c:11:28: fatal error: ac_nonexistent.h: No such file or directory
 #include <ac_nonexistent.h>
                            ^
compilation terminated.
configure:7364: $? = 1
configure: failed program was:
| /* confdefs.h */
| #define PACKAGE_NAME "fzshellext"
| #define PACKAGE_TARNAME "fzshellext"
| #define PACKAGE_VERSION "0.0.0"
| #define PACKAGE_STRING "fzshellext 0.0.0"
| #define PACKAGE_BUGREPORT "tim.kosse@filezilla-project.org"
| #define PACKAGE_URL "https://filezilla-project.org/"
| #define PACKAGE "fzshellext"
| #define VERSION "0.0.0"
| /* end confdefs.h.  */
| #include <ac_nonexistent.h>
configure:7389: result: gcc -E
configure:7409: gcc -E  conftest.c
configure:7409: $? = 0
configure:7423: gcc -E  conftest.c
conftest.c:11:28: fatal error: ac_nonexistent.h: No such file or directory
 #include <ac_nonexistent.h>
                            ^
compilation terminated.
configure:7423: $? = 1
configure: failed program was:
| /* confdefs.h */
| #define PACKAGE_NAME "fzshellext"
| #define PACKAGE_TARNAME "fzshellext"
| #define PACKAGE_VERSION "0.0.0"
| #define PACKAGE_STRING "fzshellext 0.0.0"
| #define PACKAGE_BUGREPORT "tim.kosse@filezilla-project.org"
| #define PACKAGE_URL "https://filezilla-project.org/"
| #define PACKAGE "fzshellext"
| #define VERSION "0.0.0"
| /* end confdefs.h.  */
| #include <ac_nonexistent.h>
configure:7452: checking for ANSI C header files
configure:7472: gcc -c -g -O2  conftest.c >&5
configure:7472: $? = 0
configure:7545: gcc -o conftest -g -O2   conftest.c  >&5
configure:7545: $? = 0
configure:7545: ./conftest
configure:7545: $? = 0
configure:7556: result: yes
configure:7569: checking for sys/types.h
configure:7569: gcc -c -g -O2  conftest.c >&5
configure:7569: $? = 0
configure:7569: result: yes
configure:7569: checking for sys/stat.h
configure:7569: gcc -c -g -O2  conftest.c >&5
configure:7569: $? = 0
configure:7569: result: yes
configure:7569: checking for stdlib.h
configure:7569: gcc -c -g -O2  conftest.c >&5
configure:7569: $? = 0
configure:7569: result: yes
configure:7569: checking for string.h
configure:7569: gcc -c -g -O2  conftest.c >&5
configure:7569: $? = 0
configure:7569: result: yes
configure:7569: checking for memory.h
configure:7569: gcc -c -g -O2  conftest.c >&5
configure:7569: $? = 0
configure:7569: result: yes
configure:7569: checking for strings.h
configure:7569: gcc -c -g -O2  conftest.c >&5
configure:7569: $? = 0
configure:7569: result: yes
configure:7569: checking for inttypes.h
configure:7569: gcc -c -g -O2  conftest.c >&5
configure:7569: $? = 0
configure:7569: result: yes
configure:7569: checking for stdint.h
configure:7569: gcc -c -g -O2  conftest.c >&5
configure:7569: $? = 0
configure:7569: result: yes
configure:7569: checking for unistd.h
configure:7569: gcc -c -g -O2  conftest.c >&5
configure:7569: $? = 0
configure:7569: result: yes
configure:7583: checking for dlfcn.h
configure:7583: gcc -c -g -O2  conftest.c >&5
configure:7583: $? = 0
configure:7583: result: yes
configure:7789: checking for objdir
configure:7804: result: .libs
configure:8075: checking if gcc supports -fno-rtti -fno-exceptions
configure:8093: gcc -c -g -O2  -fno-rtti -fno-exceptions conftest.c >&5
cc1: warning: command line option '-fno-rtti' is valid for C++/ObjC++ but not for C
configure:8097: $? = 0
configure:8110: result: no
configure:8437: checking for gcc option to produce PIC
configure:8444: result: -fPIC -DPIC
configure:8452: checking if gcc PIC flag -fPIC -DPIC works
configure:8470: gcc -c -g -O2  -fPIC -DPIC -DPIC conftest.c >&5
configure:8474: $? = 0
configure:8487: result: yes
configure:8516: checking if gcc static flag -static works
configure:8544: result: yes
configure:8559: checking if gcc supports -c -o file.o
configure:8580: gcc -c -g -O2  -o out/conftest2.o conftest.c >&5
configure:8584: $? = 0
configure:8606: result: yes
configure:8614: checking if gcc supports -c -o file.o
configure:8661: result: yes
configure:8694: checking whether the gcc linker (/usr/bin/ld -m elf_x86_64) supports shared libraries
configure:9851: result: yes
configure:9888: checking whether -lc should be explicitly linked in
configure:9896: gcc -c -g -O2  conftest.c >&5
configure:9899: $? = 0
configure:9914: gcc -shared  -fPIC -DPIC conftest.o  -v -Wl,-soname -Wl,conftest -o conftest 2\>\&1 \| /bin/grep  -lc  \>/dev/null 2\>\&1
configure:9917: $? = 0
configure:9931: result: no
configure:10091: checking dynamic linker characteristics
configure:10591: gcc -o conftest -g -O2   -Wl,-rpath -Wl,/foo conftest.c  >&5
configure:10591: $? = 0
configure:10825: result: GNU/Linux ld.so
configure:10932: checking how to hardcode library paths into programs
configure:10957: result: immediate
configure:11497: checking whether stripping libraries is possible
configure:11502: result: yes
configure:11537: checking if libtool supports shared libraries
configure:11539: result: yes
configure:11542: checking whether to build shared libraries
configure:11563: result: yes
configure:11566: checking whether to build static libraries
configure:11570: result: yes
configure:11665: checking for g++
configure:11681: found /usr/bin/g++
configure:11692: result: g++
configure:11719: checking for C++ compiler version
configure:11728: g++ --version >&5
g++ (Ubuntu 4.9.4-2ubuntu1~14.04.1) 4.9.4
Copyright (C) 2015 Free Software Foundation, Inc.
This is free software; see the source for copying conditions.  There is NO
warranty; not even for MERCHANTABILITY or FITNESS FOR A PARTICULAR PURPOSE.

configure:11739: $? = 0
configure:11728: g++ -v >&5
Using built-in specs.
COLLECT_GCC=g++
COLLECT_LTO_WRAPPER=/usr/lib/gcc/x86_64-linux-gnu/4.9/lto-wrapper
Target: x86_64-linux-gnu
Configured with: ../src/configure -v --with-pkgversion='Ubuntu 4.9.4-2ubuntu1~14.04.1' --with-bugurl=file:///usr/share/doc/gcc-4.9/README.Bugs --enable-languages=c,c++,java,go,d,fortran,objc,obj-c++ --prefix=/usr --program-suffix=-4.9 --enable-shared --enable-linker-build-id --libexecdir=/usr/lib --without-included-gettext --enable-threads=posix --with-gxx-include-dir=/usr/include/c++/4.9 --libdir=/usr/lib --enable-nls --with-sysroot=/ --enable-clocale=gnu --enable-libstdcxx-debug --enable-libstdcxx-time=yes --enable-gnu-unique-object --disable-vtable-verify --enable-plugin --with-system-zlib --disable-browser-plugin --enable-java-awt=gtk --enable-gtk-cairo --with-java-home=/usr/lib/jvm/java-1.5.0-gcj-4.9-amd64/jre --enable-java-home --with-jvm-root-dir=/usr/lib/jvm/java-1.5.0-gcj-4.9-amd64 --with-jvm-jar-dir=/usr/lib/jvm-exports/java-1.5.0-gcj-4.9-amd64 --with-arch-directory=amd64 --with-ecj-jar=/usr/share/java/eclipse-ecj.jar --enable-objc-gc --enable-multiarch --disable-werror --with-arch-32=i686 --with-abi=m64 --with-multilib-list=m32,m64,mx32 --enable-multilib --with-tune=generic --enable-checking=release --build=x86_64-linux-gnu --host=x86_64-linux-gnu --target=x86_64-linux-gnu
Thread model: posix
gcc version 4.9.4 (Ubuntu 4.9.4-2ubuntu1~14.04.1) 
configure:11739: $? = 0
configure:11728: g++ -V >&5
g++: error: unrecognized command line option '-V'
g++: fatal error: no input files
compilation terminated.
configure:11739: $? = 4
configure:11728: g++ -qversion >&5
g++: error: unrecognized command line option '-qversion'
g++: fatal error: no input files
compilation terminated.
configure:11739: $? = 4
configure:11743: checking whether we are using the GNU C++ compiler
configure:11762: g++ -c   conftest.cpp >&5
configure:11762: $? = 0
configure:11771: result: yes
configure:11780: checking whether g++ accepts -g
configure:11800: g++ -c -g  conftest.cpp >&5
configure:11800: $? = 0
configure:11841: result: yes
configure:11866: checking dependency style of g++
configure:11977: result: gcc3
configure:12011: checking how to run the C++ preprocessor
configure:12038: g++ -E  conftest.cpp
configure:12038: $? = 0
configure:12052: g++ -E  conftest.cpp
conftest.cpp:23:28: fatal error: ac_nonexistent.h: No such file or directory
 #include <ac_nonexistent.h>
                            ^
compilation terminated.
configure:12052: $? = 1
configure: failed program was:
| /* confdefs.h */
| #define PACKAGE_NAME "fzshellext"
| #define PACKAGE_TARNAME "fzshellext"
| #define PACKAGE_VERSION "0.0.0"
| #define PACKAGE_STRING "fzshellext 0.0.0"
| #define PACKAGE_BUGREPORT "tim.kosse@filezilla-project.org"
| #define PACKAGE_URL "https://filezilla-project.org/"
| #define PACKAGE "fzshellext"
| #define VERSION "0.0.0"
| #define STDC_HEADERS 1
| #define HAVE_SYS_TYPES_H 1
| #define HAVE_SYS_STAT_H 1
| #define HAVE_STDLIB_H 1
| #define HAVE_STRING_H 1
| #define HAVE_MEMORY_H 1
| #define HAVE_STRINGS_H 1
| #define HAVE_INTTYPES_H 1
| #define HAVE_STDINT_H 1
| #define HAVE_UNISTD_H 1
| #define HAVE_DLFCN_H 1
| #define LT_OBJDIR ".libs/"
| /* end confdefs.h.  */
| #include <ac_nonexistent.h>
configure:12077: result: g++ -E
configure:12097: g++ -E  conftest.cpp
configure:12097: $? = 0
configure:12111: g++ -E  conftest.cpp
conftest.cpp:23:28: fatal error: ac_nonexistent.h: No such file or directory
 #include <ac_nonexistent.h>
                            ^
compilation terminated.
configure:12111: $? = 1
configure: failed program was:
| /* confdefs.h */
| #define PACKAGE_NAME "fzshellext"
| #define PACKAGE_TARNAME "fzshellext"
| #define PACKAGE_VERSION "0.0.0"
| #define PACKAGE_STRING "fzshellext 0.0.0"
| #define PACKAGE_BUGREPORT "tim.kosse@filezilla-project.org"
| #define PACKAGE_URL "https://filezilla-project.org/"
| #define PACKAGE "fzshellext"
| #define VERSION "0.0.0"
| #define STDC_HEADERS 1
| #define HAVE_SYS_TYPES_H 1
| #define HAVE_SYS_STAT_H 1
| #define HAVE_STDLIB_H 1
| #define HAVE_STRING_H 1
| #define HAVE_MEMORY_H 1
| #define HAVE_STRINGS_H 1
| #define HAVE_INTTYPES_H 1
| #define HAVE_STDINT_H 1
| #define HAVE_UNISTD_H 1
| #define HAVE_DLFCN_H 1
| #define LT_OBJDIR ".libs/"
| /* end confdefs.h.  */
| #include <ac_nonexistent.h>
configure:12280: checking for ld used by g++
configure:12347: result: /usr/bin/ld -m elf_x86_64
configure:12354: checking if the linker (/usr/bin/ld -m elf_x86_64) is GNU ld
configure:12369: result: yes
configure:12424: checking whether the g++ linker (/usr/bin/ld -m elf_x86_64) supports shared libraries
configure:13426: result: yes
configure:13462: g++ -c -g -O2  conftest.cpp >&5
configure:13465: $? = 0
configure:13985: checking for g++ option to produce PIC
configure:13992: result: -fPIC -DPIC
configure:14000: checking if g++ PIC flag -fPIC -DPIC works
configure:14018: g++ -c -g -O2  -fPIC -DPIC -DPIC conftest.cpp >&5
configure:14022: $? = 0
configure:14035: result: yes
configure:14058: checking if g++ static flag -static works
configure:14086: result: yes
configure:14098: checking if g++ supports -c -o file.o
configure:14119: g++ -c -g -O2  -o out/conftest2.o conftest.cpp >&5
configure:14123: $? = 0
configure:14145: result: yes
configure:14150: checking if g++ supports -c -o file.o
configure:14197: result: yes
configure:14227: checking whether the g++ linker (/usr/bin/ld -m elf_x86_64) supports shared libraries
configure:14266: result: yes
configure:14407: checking dynamic linker characteristics
configure:15075: result: GNU/Linux ld.so
configure:15128: checking how to hardcode library paths into programs
configure:15153: result: immediate
configure:16386: checking that generated files are newer than configure
configure:16392: result: done
configure:16427: creating ./config.status

## ---------------------- ##
## Running config.status. ##
## ---------------------- ##

This file was extended by fzshellext config.status 0.0.0, which was
generated by GNU Autoconf 2.69.  Invocation command line was

  CONFIG_FILES    = 
  CONFIG_HEADERS  = 
  CONFIG_LINKS    = 
  CONFIG_COMMANDS = 
  $ ./config.status 

on frogman

config.status:1151: creating Makefile
config.status:1151: creating config.h
config.status:1317: config.h is unchanged
config.status:1365: executing depfiles commands
config.status:1365: executing libtool commands

## ---------------- ##
## Cache variables. ##
## ---------------- ##

ac_cv_build=x86_64-unknown-linux-gnu
ac_cv_c_compiler_gnu=yes
ac_cv_cxx_compiler_gnu=yes
ac_cv_env_CCC_set=
ac_cv_env_CCC_value=
ac_cv_env_CC_set=
ac_cv_env_CC_value=
ac_cv_env_CFLAGS_set=
ac_cv_env_CFLAGS_value=
ac_cv_env_CPPFLAGS_set=
ac_cv_env_CPPFLAGS_value=
ac_cv_env_CPP_set=
ac_cv_env_CPP_value=
ac_cv_env_CXXCPP_set=
ac_cv_env_CXXCPP_value=
ac_cv_env_CXXFLAGS_set=
ac_cv_env_CXXFLAGS_value=
ac_cv_env_CXX_set=
ac_cv_env_CXX_value=
ac_cv_env_LDFLAGS_set=
ac_cv_env_LDFLAGS_value=
ac_cv_env_LIBS_set=
ac_cv_env_LIBS_value=
ac_cv_env_build_alias_set=
ac_cv_env_build_alias_value=
ac_cv_env_host_alias_set=
ac_cv_env_host_alias_value=
ac_cv_env_target_alias_set=
ac_cv_env_target_alias_value=
ac_cv_header_dlfcn_h=yes
ac_cv_header_inttypes_h=yes
ac_cv_header_memory_h=yes
ac_cv_header_stdc=yes
ac_cv_header_stdint_h=yes
ac_cv_header_stdlib_h=yes
ac_cv_header_string_h=yes
ac_cv_header_strings_h=yes
ac_cv_header_sys_stat_h=yes
ac_cv_header_sys_types_h=yes
ac_cv_header_unistd_h=yes
ac_cv_host=x86_64-unknown-linux-gnu
ac_cv_objext=o
ac_cv_path_EGREP='/bin/grep -E'
ac_cv_path_FGREP='/bin/grep -F'
ac_cv_path_GREP=/bin/grep
ac_cv_path_SED=/bin/sed
ac_cv_path_install='/usr/bin/install -c'
ac_cv_path_mkdir=/bin/mkdir
ac_cv_prog_AWK=mawk
ac_cv_prog_CPP='gcc -E'
ac_cv_prog_CXXCPP='g++ -E'
ac_cv_prog_ac_ct_AR=ar
ac_cv_prog_ac_ct_CC=gcc
ac_cv_prog_ac_ct_CXX=g++
ac_cv_prog_ac_ct_MANIFEST_TOOL=mt
ac_cv_prog_ac_ct_OBJDUMP=objdump
ac_cv_prog_ac_ct_RANLIB=ranlib
ac_cv_prog_ac_ct_STRIP=strip
ac_cv_prog_cc_c89=
ac_cv_prog_cc_g=yes
ac_cv_prog_cxx_g=yes
ac_cv_prog_make_make_set=yes
am_cv_CC_dependencies_compiler_type=gcc3
am_cv_CXX_dependencies_compiler_type=gcc3
am_cv_make_support_nested_variables=yes
am_cv_prog_cc_c_o=yes
lt_cv_ar_at_file=@
lt_cv_archive_cmds_need_lc=no
lt_cv_deplibs_check_method=pass_all
lt_cv_file_magic_cmd='$MAGIC_CMD'
lt_cv_file_magic_test_file=
lt_cv_ld_reload_flag=-r
lt_cv_nm_interface='BSD nm'
lt_cv_objdir=.libs
lt_cv_path_LD=/usr/bin/ld
lt_cv_path_LDCXX='/usr/bin/ld -m elf_x86_64'
lt_cv_path_NM='/usr/bin/nm -B'
lt_cv_path_mainfest_tool=no
lt_cv_prog_compiler_c_o=yes
lt_cv_prog_compiler_c_o_CXX=yes
lt_cv_prog_compiler_pic='-fPIC -DPIC'
lt_cv_prog_compiler_pic_CXX='-fPIC -DPIC'
lt_cv_prog_compiler_pic_works=yes
lt_cv_prog_compiler_pic_works_CXX=yes
lt_cv_prog_compiler_rtti_exceptions=no
lt_cv_prog_compiler_static_works=yes
lt_cv_prog_compiler_static_works_CXX=yes
lt_cv_prog_gnu_ld=yes
lt_cv_prog_gnu_ldcxx=yes
lt_cv_sharedlib_from_linklib_cmd='printf %s\n'
lt_cv_shlibpath_overrides_runpath=no
lt_cv_sys_global_symbol_pipe='sed -n -e '\''s/^.*[	 ]\([ABCDGIRSTW][ABCDGIRSTW]*\)[	 ][	 ]*\([_A-Za-z][_A-Za-z0-9]*\)$/\1 \2 \2/p'\'' | sed '\''/ __gnu_lto/d'\'''
lt_cv_sys_global_symbol_to_c_name_address='sed -n -e '\''s/^: \([^ ]*\)[ ]*$/  {\"\1\", (void *) 0},/p'\'' -e '\''s/^[ABCDGIRSTW]* \([^ ]*\) \([^ ]*\)$/  {"\2", (void *) \&\2},/p'\'''
lt_cv_sys_global_symbol_to_c_name_address_lib_prefix='sed -n -e '\''s/^: \([^ ]*\)[ ]*$/  {\"\1\", (void *) 0},/p'\'' -e '\''s/^[ABCDGIRSTW]* \([^ ]*\) \(lib[^ ]*\)$/  {"\2", (void *) \&\2},/p'\'' -e '\''s/^[ABCDGIRSTW]* \([^ ]*\) \([^ ]*\)$/  {"lib\2", (void *) \&\2},/p'\'''
lt_cv_sys_global_symbol_to_cdecl='sed -n -e '\''s/^T .* \(.*\)$/extern int \1();/p'\'' -e '\''s/^[ABCDGIRSTW]* .* \(.*\)$/extern char \1;/p'\'''
lt_cv_sys_max_cmd_len=1572864
lt_cv_to_host_file_cmd=func_convert_file_noop
lt_cv_to_tool_file_cmd=func_convert_file_noop

## ----------------- ##
## Output variables. ##
## ----------------- ##

ACLOCAL='${SHELL} /home/jules/Downloads/filezilla/filezilla-3.25.1/config/missing aclocal-1.14'
AMDEPBACKSLASH='\'
AMDEP_FALSE='#'
AMDEP_TRUE=''
AMTAR='$${TAR-tar}'
AM_BACKSLASH='\'
AM_DEFAULT_V='$(AM_DEFAULT_VERBOSITY)'
AM_DEFAULT_VERBOSITY='1'
AM_V='$(V)'
AR='ar'
AUTOCONF='${SHELL} /home/jules/Downloads/filezilla/filezilla-3.25.1/config/missing autoconf'
AUTOHEADER='${SHELL} /home/jules/Downloads/filezilla/filezilla-3.25.1/config/missing autoheader'
AUTOMAKE='${SHELL} /home/jules/Downloads/filezilla/filezilla-3.25.1/config/missing automake-1.14'
AWK='mawk'
BUILD_SHELLEXT_FALSE=''
BUILD_SHELLEXT_TRUE='#'
CC='gcc'
CCDEPMODE='depmode=gcc3'
CFLAGS='-g -O2'
CPP='gcc -E'
CPPFLAGS=''
CXX='g++'
CXXCPP='g++ -E'
CXXDEPMODE='depmode=gcc3'
CXXFLAGS='-g -O2'
CYGPATH_W='echo'
DEFS='-DHAVE_CONFIG_H'
DEPDIR='.deps'
DLLTOOL='false'
DSYMUTIL=''
DUMPBIN=''
ECHO_C=''
ECHO_N='-n'
ECHO_T=''
EGREP='/bin/grep -E'
EXEEXT=''
FGREP='/bin/grep -F'
GREP='/bin/grep'
HAVE_CXX14=''
INSTALL_DATA='${INSTALL} -m 644'
INSTALL_PROGRAM='${INSTALL}'
INSTALL_SCRIPT='${INSTALL}'
INSTALL_STRIP_PROGRAM='$(install_sh) -c -s'
LD='/usr/bin/ld -m elf_x86_64'
LDFLAGS=''
LIBOBJS=''
LIBS=''
LIBTOOL='$(SHELL) $(top_builddir)/libtool'
LIPO=''
LN_S='ln -s'
LTLIBOBJS=''
MAKEINFO='${SHELL} /home/jules/Downloads/filezilla/filezilla-3.25.1/config/missing makeinfo'
MANIFEST_TOOL=':'
MKDIR_P='/bin/mkdir -p'
NM='/usr/bin/nm -B'
NMEDIT=''
OBJDUMP='objdump'
OBJEXT='o'
OTOOL64=''
OTOOL=''
PACKAGE='fzshellext'
PACKAGE_BUGREPORT='tim.kosse@filezilla-project.org'
PACKAGE_NAME='fzshellext'
PACKAGE_STRING='fzshellext 0.0.0'
PACKAGE_TARNAME='fzshellext'
PACKAGE_URL='https://filezilla-project.org/'
PACKAGE_VERSION='0.0.0'
PATH_SEPARATOR=':'
RANLIB='ranlib'
SED='/bin/sed'
SET_MAKE=''
SHELL='/bin/bash'
STRIP='strip'
USE_RESOURCEFILE_FALSE=''
USE_RESOURCEFILE_TRUE='#'
VERSION='0.0.0'
WINDRES=''
WINDRESFLAGS=''
ac_ct_AR='ar'
ac_ct_CC='gcc'
ac_ct_CXX='g++'
ac_ct_DUMPBIN=''
am__EXEEXT_FALSE=''
am__EXEEXT_TRUE='#'
am__fastdepCC_FALSE='#'
am__fastdepCC_TRUE=''
am__fastdepCXX_FALSE='#'
am__fastdepCXX_TRUE=''
am__include='include'
am__isrc=' -I$(srcdir)'
am__leading_dot='.'
am__nodep='_no'
am__quote=''
am__tar='$${TAR-tar} chof - "$$tardir"'
am__untar='$${TAR-tar} xf -'
bindir='${exec_prefix}/bin'
build='x86_64-unknown-linux-gnu'
build_alias=''
build_cpu='x86_64'
build_os='linux-gnu'
build_vendor='unknown'
datadir='${datarootdir}'
datarootdir='${prefix}/share'
docdir='${datarootdir}/doc/${PACKAGE_TARNAME}'
dvidir='${docdir}'
exec_prefix='${prefix}'
host='x86_64-unknown-linux-gnu'
host_alias=''
host_cpu='x86_64'
host_os='linux-gnu'
host_vendor='unknown'
htmldir='${docdir}'
includedir='${prefix}/include'
infodir='${datarootdir}/info'
install_sh='${SHELL} /home/jules/Downloads/filezilla/filezilla-3.25.1/config/install-sh'
libdir='${exec_prefix}/lib'
libexecdir='${exec_prefix}/libexec'
localedir='${datarootdir}/locale'
localstatedir='${prefix}/var'
mandir='${datarootdir}/man'
mkdir_p='$(MKDIR_P)'
oldincludedir='/usr/include'
pdfdir='${docdir}'
prefix='/usr/local'
program_transform_name='s,x,x,'
psdir='${docdir}'
sbindir='${exec_prefix}/sbin'
sharedstatedir='${prefix}/com'
sysconfdir='${prefix}/etc'
target_alias=''

## ----------- ##
## confdefs.h. ##
## ----------- ##

/* confdefs.h */
#define PACKAGE_NAME "fzshellext"
#define PACKAGE_TARNAME "fzshellext"
#define PACKAGE_VERSION "0.0.0"
#define PACKAGE_STRING "fzshellext 0.0.0"
#define PACKAGE_BUGREPORT "tim.kosse@filezilla-project.org"
#define PACKAGE_URL "https://filezilla-project.org/"
#define PACKAGE "fzshellext"
#define VERSION "0.0.0"
#define STDC_HEADERS 1
#define HAVE_SYS_TYPES_H 1
#define HAVE_SYS_STAT_H 1
#define HAVE_STDLIB_H 1
#define HAVE_STRING_H 1
#define HAVE_MEMORY_H 1
#define HAVE_STRINGS_H 1
#define HAVE_INTTYPES_H 1
#define HAVE_STDINT_H 1
#define HAVE_UNISTD_H 1
#define HAVE_DLFCN_H 1
#define LT_OBJDIR ".libs/"

configure: exit 0
